[0.276s] Invoking command in '/sim_ws/src/f1tenth_rl': PYTHONPATH=/sim_ws/src/build/f1tenth_rl/prefix_override:/sim_ws/src/install/f1tenth_rl/lib/python3.8/site-packages:${PYTHONPATH} /usr/bin/python3 setup.py egg_info --egg-base ../build/f1tenth_rl build --build-base /sim_ws/src/build/f1tenth_rl/build install --record /sim_ws/src/build/f1tenth_rl/install.log --install-scripts $base/lib/f1tenth_rl --single-version-externally-managed
[0.333s] running egg_info
[0.334s] creating ../build/f1tenth_rl/f1tenth_rl.egg-info
[0.334s] writing ../build/f1tenth_rl/f1tenth_rl.egg-info/PKG-INFO
[0.334s] writing dependency_links to ../build/f1tenth_rl/f1tenth_rl.egg-info/dependency_links.txt
[0.334s] writing entry points to ../build/f1tenth_rl/f1tenth_rl.egg-info/entry_points.txt
[0.334s] writing requirements to ../build/f1tenth_rl/f1tenth_rl.egg-info/requires.txt
[0.334s] writing top-level names to ../build/f1tenth_rl/f1tenth_rl.egg-info/top_level.txt
[0.334s] writing manifest file '../build/f1tenth_rl/f1tenth_rl.egg-info/SOURCES.txt'
[0.347s] reading manifest file '../build/f1tenth_rl/f1tenth_rl.egg-info/SOURCES.txt'
[0.347s] writing manifest file '../build/f1tenth_rl/f1tenth_rl.egg-info/SOURCES.txt'
[0.347s] running build
[0.347s] running build_py
[0.347s] creating /sim_ws/src/build/f1tenth_rl/build
[0.347s] creating /sim_ws/src/build/f1tenth_rl/build/lib
[0.347s] creating /sim_ws/src/build/f1tenth_rl/build/lib/f1tenth_rl
[0.347s] copying f1tenth_rl/environment.py -> /sim_ws/src/build/f1tenth_rl/build/lib/f1tenth_rl
[0.347s] copying f1tenth_rl/rl_agent_node.py -> /sim_ws/src/build/f1tenth_rl/build/lib/f1tenth_rl
[0.347s] copying f1tenth_rl/__init__.py -> /sim_ws/src/build/f1tenth_rl/build/lib/f1tenth_rl
[0.347s] creating /sim_ws/src/build/f1tenth_rl/build/lib/f1tenth_rl/models
[0.347s] copying f1tenth_rl/models/ppo.py -> /sim_ws/src/build/f1tenth_rl/build/lib/f1tenth_rl/models
[0.347s] copying f1tenth_rl/models/__init__.py -> /sim_ws/src/build/f1tenth_rl/build/lib/f1tenth_rl/models
[0.347s] copying f1tenth_rl/models/dqn.py -> /sim_ws/src/build/f1tenth_rl/build/lib/f1tenth_rl/models
[0.347s] creating /sim_ws/src/build/f1tenth_rl/build/lib/f1tenth_rl/utils
[0.347s] copying f1tenth_rl/utils/farthest_point.py -> /sim_ws/src/build/f1tenth_rl/build/lib/f1tenth_rl/utils
[0.347s] copying f1tenth_rl/utils/rewards.py -> /sim_ws/src/build/f1tenth_rl/build/lib/f1tenth_rl/utils
[0.347s] copying f1tenth_rl/utils/__init__.py -> /sim_ws/src/build/f1tenth_rl/build/lib/f1tenth_rl/utils
[0.347s] running install
[0.348s] running install_lib
[0.348s] creating /sim_ws/src/install/f1tenth_rl/lib/python3.8/site-packages/f1tenth_rl
[0.348s] copying /sim_ws/src/build/f1tenth_rl/build/lib/f1tenth_rl/environment.py -> /sim_ws/src/install/f1tenth_rl/lib/python3.8/site-packages/f1tenth_rl
[0.348s] copying /sim_ws/src/build/f1tenth_rl/build/lib/f1tenth_rl/rl_agent_node.py -> /sim_ws/src/install/f1tenth_rl/lib/python3.8/site-packages/f1tenth_rl
[0.348s] creating /sim_ws/src/install/f1tenth_rl/lib/python3.8/site-packages/f1tenth_rl/utils
[0.348s] copying /sim_ws/src/build/f1tenth_rl/build/lib/f1tenth_rl/utils/farthest_point.py -> /sim_ws/src/install/f1tenth_rl/lib/python3.8/site-packages/f1tenth_rl/utils
[0.348s] copying /sim_ws/src/build/f1tenth_rl/build/lib/f1tenth_rl/utils/rewards.py -> /sim_ws/src/install/f1tenth_rl/lib/python3.8/site-packages/f1tenth_rl/utils
[0.348s] copying /sim_ws/src/build/f1tenth_rl/build/lib/f1tenth_rl/utils/__init__.py -> /sim_ws/src/install/f1tenth_rl/lib/python3.8/site-packages/f1tenth_rl/utils
[0.348s] copying /sim_ws/src/build/f1tenth_rl/build/lib/f1tenth_rl/__init__.py -> /sim_ws/src/install/f1tenth_rl/lib/python3.8/site-packages/f1tenth_rl
[0.348s] creating /sim_ws/src/install/f1tenth_rl/lib/python3.8/site-packages/f1tenth_rl/models
[0.348s] copying /sim_ws/src/build/f1tenth_rl/build/lib/f1tenth_rl/models/ppo.py -> /sim_ws/src/install/f1tenth_rl/lib/python3.8/site-packages/f1tenth_rl/models
[0.348s] copying /sim_ws/src/build/f1tenth_rl/build/lib/f1tenth_rl/models/__init__.py -> /sim_ws/src/install/f1tenth_rl/lib/python3.8/site-packages/f1tenth_rl/models
[0.348s] copying /sim_ws/src/build/f1tenth_rl/build/lib/f1tenth_rl/models/dqn.py -> /sim_ws/src/install/f1tenth_rl/lib/python3.8/site-packages/f1tenth_rl/models
[0.349s] byte-compiling /sim_ws/src/install/f1tenth_rl/lib/python3.8/site-packages/f1tenth_rl/environment.py to environment.cpython-38.pyc
[0.349s] byte-compiling /sim_ws/src/install/f1tenth_rl/lib/python3.8/site-packages/f1tenth_rl/rl_agent_node.py to rl_agent_node.cpython-38.pyc
[0.350s] byte-compiling /sim_ws/src/install/f1tenth_rl/lib/python3.8/site-packages/f1tenth_rl/utils/farthest_point.py to farthest_point.cpython-38.pyc
[0.350s] byte-compiling /sim_ws/src/install/f1tenth_rl/lib/python3.8/site-packages/f1tenth_rl/utils/rewards.py to rewards.cpython-38.pyc
[0.351s] byte-compiling /sim_ws/src/install/f1tenth_rl/lib/python3.8/site-packages/f1tenth_rl/utils/__init__.py to __init__.cpython-38.pyc
[0.351s] byte-compiling /sim_ws/src/install/f1tenth_rl/lib/python3.8/site-packages/f1tenth_rl/__init__.py to __init__.cpython-38.pyc
[0.351s] byte-compiling /sim_ws/src/install/f1tenth_rl/lib/python3.8/site-packages/f1tenth_rl/models/ppo.py to ppo.cpython-38.pyc
[0.352s] byte-compiling /sim_ws/src/install/f1tenth_rl/lib/python3.8/site-packages/f1tenth_rl/models/__init__.py to __init__.cpython-38.pyc
[0.352s] byte-compiling /sim_ws/src/install/f1tenth_rl/lib/python3.8/site-packages/f1tenth_rl/models/dqn.py to dqn.cpython-38.pyc
[0.352s] running install_data
[0.352s] creating /sim_ws/src/install/f1tenth_rl/share/ament_index
[0.352s] creating /sim_ws/src/install/f1tenth_rl/share/ament_index/resource_index
[0.352s] creating /sim_ws/src/install/f1tenth_rl/share/ament_index/resource_index/packages
[0.352s] copying resource/f1tenth_rl -> /sim_ws/src/install/f1tenth_rl/share/ament_index/resource_index/packages
[0.352s] copying package.xml -> /sim_ws/src/install/f1tenth_rl/share/f1tenth_rl
[0.352s] creating /sim_ws/src/install/f1tenth_rl/share/f1tenth_rl/launch
[0.352s] copying launch/rl_agent_launch.py -> /sim_ws/src/install/f1tenth_rl/share/f1tenth_rl/launch
[0.352s] creating /sim_ws/src/install/f1tenth_rl/share/f1tenth_rl/config
[0.352s] copying config/agent_params.yaml -> /sim_ws/src/install/f1tenth_rl/share/f1tenth_rl/config
[0.352s] running install_egg_info
[0.353s] Copying ../build/f1tenth_rl/f1tenth_rl.egg-info to /sim_ws/src/install/f1tenth_rl/lib/python3.8/site-packages/f1tenth_rl-0.1.0-py3.8.egg-info
[0.353s] running install_scripts
[0.360s] Installing eval_rl_agent script to /sim_ws/src/install/f1tenth_rl/lib/f1tenth_rl
[0.360s] Installing rl_agent script to /sim_ws/src/install/f1tenth_rl/lib/f1tenth_rl
[0.360s] Installing train_rl_agent script to /sim_ws/src/install/f1tenth_rl/lib/f1tenth_rl
[0.360s] writing list of installed files to '/sim_ws/src/build/f1tenth_rl/install.log'
[0.375s] Invoked command in '/sim_ws/src/f1tenth_rl' returned '0': PYTHONPATH=/sim_ws/src/build/f1tenth_rl/prefix_override:/sim_ws/src/install/f1tenth_rl/lib/python3.8/site-packages:${PYTHONPATH} /usr/bin/python3 setup.py egg_info --egg-base ../build/f1tenth_rl build --build-base /sim_ws/src/build/f1tenth_rl/build install --record /sim_ws/src/build/f1tenth_rl/install.log --install-scripts $base/lib/f1tenth_rl --single-version-externally-managed
