[0.131s] DEBUG:colcon:Command line arguments: ['/usr/bin/colcon', 'build', '--packages-select', 'f1tenth_rl']
[0.131s] DEBUG:colcon:Parsed command line arguments: Namespace(ament_cmake_args=None, base_paths=['.'], build_base='build', catkin_cmake_args=None, catkin_skip_building_tests=False, cmake_args=None, cmake_clean_cache=False, cmake_clean_first=False, cmake_force_configure=False, cmake_target=None, cmake_target_skip_unavailable=False, continue_on_error=False, event_handlers=None, executor='parallel', ignore_user_meta=False, install_base='install', log_base=None, log_level=None, main=<bound method BuildVerb.main of <colcon_core.verb.build.BuildVerb object at 0x79bcec075040>>, merge_install=False, metas=['./colcon.meta'], mixin=None, mixin_files=None, mixin_verb=('build',), packages_above=None, packages_above_and_dependencies=None, packages_above_depth=None, packages_end=None, packages_ignore=None, packages_ignore_regex=None, packages_select=['f1tenth_rl'], packages_select_build_failed=False, packages_select_by_dep=None, packages_select_regex=None, packages_select_test_failures=False, packages_skip=None, packages_skip_build_finished=False, packages_skip_by_dep=None, packages_skip_regex=None, packages_skip_test_passed=False, packages_skip_up_to=None, packages_start=None, packages_up_to=None, packages_up_to_regex=None, parallel_workers=16, paths=None, symlink_install=False, test_result_base=None, verb_extension=<colcon_core.verb.build.BuildVerb object at 0x79bcec075040>, verb_name='build', verb_parser=<colcon_mixin.mixin.mixin_argument.MixinArgumentDecorator object at 0x79bcec075640>)
[0.145s] Level 1:colcon.colcon_core.package_discovery:discover_packages(colcon_meta) check parameters
[0.145s] INFO:colcon.colcon_metadata.package_discovery.colcon_meta:Using configuration from '/root/.colcon/metadata/default/Gazebo.meta'
[0.145s] INFO:colcon.colcon_metadata.package_discovery.colcon_meta:Using configuration from '/root/.colcon/metadata/default/fastrtps.meta'
[0.145s] Level 1:colcon.colcon_core.package_discovery:discover_packages(recursive) check parameters
[0.145s] Level 1:colcon.colcon_core.package_discovery:discover_packages(ignore) check parameters
[0.145s] Level 1:colcon.colcon_core.package_discovery:discover_packages(path) check parameters
[0.145s] Level 1:colcon.colcon_core.package_discovery:discover_packages(colcon_meta) discover
[0.145s] Level 1:colcon.colcon_core.package_discovery:discover_packages(recursive) discover
[0.145s] INFO:colcon.colcon_core.package_discovery:Crawling recursively for packages in '/sim_ws/src'
[0.145s] Level 1:colcon.colcon_core.package_identification:_identify(.) by extensions ['ignore', 'ignore_ament_install']
[0.146s] Level 1:colcon.colcon_core.package_identification:_identify(.) by extension 'ignore'
[0.146s] Level 1:colcon.colcon_core.package_identification:_identify(.) by extension 'ignore_ament_install'
[0.146s] Level 1:colcon.colcon_core.package_identification:_identify(.) by extensions ['colcon_pkg']
[0.146s] Level 1:colcon.colcon_core.package_identification:_identify(.) by extension 'colcon_pkg'
[0.146s] Level 1:colcon.colcon_core.package_identification:_identify(.) by extensions ['colcon_meta']
[0.146s] Level 1:colcon.colcon_core.package_identification:_identify(.) by extension 'colcon_meta'
[0.146s] Level 1:colcon.colcon_core.package_identification:_identify(.) by extensions ['ros']
[0.146s] Level 1:colcon.colcon_core.package_identification:_identify(.) by extension 'ros'
[0.157s] Level 1:colcon.colcon_core.package_identification:_identify(.) by extensions ['cmake', 'python']
[0.157s] Level 1:colcon.colcon_core.package_identification:_identify(.) by extension 'cmake'
[0.157s] Level 1:colcon.colcon_core.package_identification:_identify(.) by extension 'python'
[0.157s] Level 1:colcon.colcon_core.package_identification:_identify(.) by extensions ['python_setup_py']
[0.157s] Level 1:colcon.colcon_core.package_identification:_identify(.) by extension 'python_setup_py'
[0.157s] Level 1:colcon.colcon_core.package_identification:_identify(build) by extensions ['ignore', 'ignore_ament_install']
[0.157s] Level 1:colcon.colcon_core.package_identification:_identify(build) by extension 'ignore'
[0.157s] Level 1:colcon.colcon_core.package_identification:_identify(build) ignored
[0.157s] Level 1:colcon.colcon_core.package_identification:_identify(f1tenth_gym_ros) by extensions ['ignore', 'ignore_ament_install']
[0.157s] Level 1:colcon.colcon_core.package_identification:_identify(f1tenth_gym_ros) by extension 'ignore'
[0.157s] Level 1:colcon.colcon_core.package_identification:_identify(f1tenth_gym_ros) by extension 'ignore_ament_install'
[0.157s] Level 1:colcon.colcon_core.package_identification:_identify(f1tenth_gym_ros) by extensions ['colcon_pkg']
[0.157s] Level 1:colcon.colcon_core.package_identification:_identify(f1tenth_gym_ros) by extension 'colcon_pkg'
[0.157s] Level 1:colcon.colcon_core.package_identification:_identify(f1tenth_gym_ros) by extensions ['colcon_meta']
[0.157s] Level 1:colcon.colcon_core.package_identification:_identify(f1tenth_gym_ros) by extension 'colcon_meta'
[0.157s] Level 1:colcon.colcon_core.package_identification:_identify(f1tenth_gym_ros) by extensions ['ros']
[0.157s] Level 1:colcon.colcon_core.package_identification:_identify(f1tenth_gym_ros) by extension 'ros'
[0.159s] DEBUG:colcon.colcon_core.package_identification:Package 'f1tenth_gym_ros' with type 'ros.ament_python' and name 'f1tenth_gym_ros'
[0.159s] Level 1:colcon.colcon_core.package_identification:_identify(f1tenth_rl) by extensions ['ignore', 'ignore_ament_install']
[0.159s] Level 1:colcon.colcon_core.package_identification:_identify(f1tenth_rl) by extension 'ignore'
[0.159s] Level 1:colcon.colcon_core.package_identification:_identify(f1tenth_rl) by extension 'ignore_ament_install'
[0.159s] Level 1:colcon.colcon_core.package_identification:_identify(f1tenth_rl) by extensions ['colcon_pkg']
[0.159s] Level 1:colcon.colcon_core.package_identification:_identify(f1tenth_rl) by extension 'colcon_pkg'
[0.159s] Level 1:colcon.colcon_core.package_identification:_identify(f1tenth_rl) by extensions ['colcon_meta']
[0.159s] Level 1:colcon.colcon_core.package_identification:_identify(f1tenth_rl) by extension 'colcon_meta'
[0.159s] Level 1:colcon.colcon_core.package_identification:_identify(f1tenth_rl) by extensions ['ros']
[0.159s] Level 1:colcon.colcon_core.package_identification:_identify(f1tenth_rl) by extension 'ros'
[0.159s] DEBUG:colcon.colcon_core.package_identification:Package 'f1tenth_rl' with type 'ros.ament_python' and name 'f1tenth_rl'
[0.159s] Level 1:colcon.colcon_core.package_identification:_identify(install) by extensions ['ignore', 'ignore_ament_install']
[0.160s] Level 1:colcon.colcon_core.package_identification:_identify(install) by extension 'ignore'
[0.160s] Level 1:colcon.colcon_core.package_identification:_identify(install) ignored
[0.160s] Level 1:colcon.colcon_core.package_identification:_identify(log) by extensions ['ignore', 'ignore_ament_install']
[0.160s] Level 1:colcon.colcon_core.package_identification:_identify(log) by extension 'ignore'
[0.160s] Level 1:colcon.colcon_core.package_identification:_identify(log) ignored
[0.160s] Level 1:colcon.colcon_core.package_discovery:discover_packages(recursive) using defaults
[0.160s] Level 1:colcon.colcon_core.package_discovery:discover_packages(ignore) discover
[0.160s] Level 1:colcon.colcon_core.package_discovery:discover_packages(ignore) using defaults
[0.160s] Level 1:colcon.colcon_core.package_discovery:discover_packages(path) discover
[0.160s] Level 1:colcon.colcon_core.package_discovery:discover_packages(path) using defaults
[0.169s] INFO:colcon.colcon_core.package_selection:Skipping not selected package 'f1tenth_gym_ros' in 'f1tenth_gym_ros'
[0.170s] Level 5:colcon.colcon_core.verb:set package 'f1tenth_rl' build argument 'cmake_args' from command line to 'None'
[0.170s] Level 5:colcon.colcon_core.verb:set package 'f1tenth_rl' build argument 'cmake_target' from command line to 'None'
[0.170s] Level 5:colcon.colcon_core.verb:set package 'f1tenth_rl' build argument 'cmake_target_skip_unavailable' from command line to 'False'
[0.170s] Level 5:colcon.colcon_core.verb:set package 'f1tenth_rl' build argument 'cmake_clean_cache' from command line to 'False'
[0.170s] Level 5:colcon.colcon_core.verb:set package 'f1tenth_rl' build argument 'cmake_clean_first' from command line to 'False'
[0.170s] Level 5:colcon.colcon_core.verb:set package 'f1tenth_rl' build argument 'cmake_force_configure' from command line to 'False'
[0.170s] Level 5:colcon.colcon_core.verb:set package 'f1tenth_rl' build argument 'ament_cmake_args' from command line to 'None'
[0.170s] Level 5:colcon.colcon_core.verb:set package 'f1tenth_rl' build argument 'catkin_cmake_args' from command line to 'None'
[0.170s] Level 5:colcon.colcon_core.verb:set package 'f1tenth_rl' build argument 'catkin_skip_building_tests' from command line to 'False'
[0.170s] DEBUG:colcon.colcon_core.verb:Building package 'f1tenth_rl' with the following arguments: {'ament_cmake_args': None, 'build_base': '/sim_ws/src/build/f1tenth_rl', 'catkin_cmake_args': None, 'catkin_skip_building_tests': False, 'cmake_args': None, 'cmake_clean_cache': False, 'cmake_clean_first': False, 'cmake_force_configure': False, 'cmake_target': None, 'cmake_target_skip_unavailable': False, 'install_base': '/sim_ws/src/install/f1tenth_rl', 'merge_install': False, 'path': '/sim_ws/src/f1tenth_rl', 'symlink_install': False, 'test_result_base': None}
[0.170s] INFO:colcon.colcon_core.executor:Executing jobs using 'parallel' executor
[0.172s] DEBUG:colcon.colcon_parallel_executor.executor.parallel:run_until_complete
[0.172s] INFO:colcon.colcon_ros.task.ament_python.build:Building ROS package in '/sim_ws/src/f1tenth_rl' with build type 'ament_python'
[0.172s] Level 1:colcon.colcon_core.shell:create_environment_hook('f1tenth_rl', 'ament_prefix_path')
[0.174s] INFO:colcon.colcon_core.plugin_system:Skipping extension 'colcon_core.shell.bat': Not used on non-Windows systems
[0.174s] INFO:colcon.colcon_core.shell:Creating environment hook '/sim_ws/src/install/f1tenth_rl/share/f1tenth_rl/hook/ament_prefix_path.ps1'
[0.175s] INFO:colcon.colcon_core.shell:Creating environment descriptor '/sim_ws/src/install/f1tenth_rl/share/f1tenth_rl/hook/ament_prefix_path.dsv'
[0.175s] INFO:colcon.colcon_core.shell:Creating environment hook '/sim_ws/src/install/f1tenth_rl/share/f1tenth_rl/hook/ament_prefix_path.sh'
[0.176s] INFO:colcon.colcon_core.shell:Skip shell extension 'powershell' for command environment: Not usable outside of PowerShell
[0.176s] DEBUG:colcon.colcon_core.shell:Skip shell extension 'dsv' for command environment
[0.258s] INFO:colcon.colcon_core.task.python.build:Building Python package in '/sim_ws/src/f1tenth_rl'
[0.259s] INFO:colcon.colcon_core.shell:Skip shell extension 'powershell' for command environment: Not usable outside of PowerShell
[0.259s] DEBUG:colcon.colcon_core.shell:Skip shell extension 'dsv' for command environment
[0.381s] DEBUG:colcon.colcon_core.event_handler.log_command:Invoking command in '/sim_ws/src/f1tenth_rl': PYTHONPATH=/sim_ws/src/build/f1tenth_rl/prefix_override:/sim_ws/src/install/f1tenth_rl/lib/python3.8/site-packages:${PYTHONPATH} /usr/bin/python3 setup.py egg_info --egg-base ../build/f1tenth_rl build --build-base /sim_ws/src/build/f1tenth_rl/build install --record /sim_ws/src/build/f1tenth_rl/install.log --install-scripts $base/lib/f1tenth_rl --single-version-externally-managed
[0.475s] DEBUG:colcon.colcon_core.event_handler.log_command:Invoked command in '/sim_ws/src/f1tenth_rl' returned '0': PYTHONPATH=/sim_ws/src/build/f1tenth_rl/prefix_override:/sim_ws/src/install/f1tenth_rl/lib/python3.8/site-packages:${PYTHONPATH} /usr/bin/python3 setup.py egg_info --egg-base ../build/f1tenth_rl build --build-base /sim_ws/src/build/f1tenth_rl/build install --record /sim_ws/src/build/f1tenth_rl/install.log --install-scripts $base/lib/f1tenth_rl --single-version-externally-managed
[0.476s] Level 1:colcon.colcon_core.environment:checking '/sim_ws/src/install/f1tenth_rl' for CMake module files
[0.476s] Level 1:colcon.colcon_core.environment:checking '/sim_ws/src/install/f1tenth_rl' for CMake config files
[0.477s] Level 1:colcon.colcon_core.environment:checking '/sim_ws/src/install/f1tenth_rl/lib'
[0.477s] Level 1:colcon.colcon_core.environment:checking '/sim_ws/src/install/f1tenth_rl/bin'
[0.477s] Level 1:colcon.colcon_core.environment:checking '/sim_ws/src/install/f1tenth_rl/lib/pkgconfig/f1tenth_rl.pc'
[0.477s] Level 1:colcon.colcon_core.environment:checking '/sim_ws/src/install/f1tenth_rl/lib/python3.8/site-packages'
[0.477s] Level 1:colcon.colcon_core.shell:create_environment_hook('f1tenth_rl', 'pythonpath')
[0.478s] INFO:colcon.colcon_core.shell:Creating environment hook '/sim_ws/src/install/f1tenth_rl/share/f1tenth_rl/hook/pythonpath.ps1'
[0.478s] INFO:colcon.colcon_core.shell:Creating environment descriptor '/sim_ws/src/install/f1tenth_rl/share/f1tenth_rl/hook/pythonpath.dsv'
[0.478s] INFO:colcon.colcon_core.shell:Creating environment hook '/sim_ws/src/install/f1tenth_rl/share/f1tenth_rl/hook/pythonpath.sh'
[0.478s] Level 1:colcon.colcon_core.environment:checking '/sim_ws/src/install/f1tenth_rl/bin'
[0.478s] Level 1:colcon.colcon_core.environment:create_environment_scripts_only(f1tenth_rl)
[0.479s] INFO:colcon.colcon_core.shell:Creating package script '/sim_ws/src/install/f1tenth_rl/share/f1tenth_rl/package.ps1'
[0.479s] INFO:colcon.colcon_core.shell:Creating package descriptor '/sim_ws/src/install/f1tenth_rl/share/f1tenth_rl/package.dsv'
[0.479s] INFO:colcon.colcon_core.shell:Creating package script '/sim_ws/src/install/f1tenth_rl/share/f1tenth_rl/package.sh'
[0.479s] INFO:colcon.colcon_core.shell:Creating package script '/sim_ws/src/install/f1tenth_rl/share/f1tenth_rl/package.bash'
[0.480s] INFO:colcon.colcon_core.shell:Creating package script '/sim_ws/src/install/f1tenth_rl/share/f1tenth_rl/package.zsh'
[0.480s] Level 1:colcon.colcon_core.environment:create_file_with_runtime_dependencies(/sim_ws/src/install/f1tenth_rl/share/colcon-core/packages/f1tenth_rl)
[0.480s] DEBUG:colcon.colcon_parallel_executor.executor.parallel:closing loop
[0.480s] DEBUG:colcon.colcon_parallel_executor.executor.parallel:loop closed
[0.480s] DEBUG:colcon.colcon_parallel_executor.executor.parallel:run_until_complete finished with '0'
[0.480s] DEBUG:colcon.colcon_core.event_reactor:joining thread
[0.482s] INFO:colcon.colcon_core.plugin_system:Skipping extension 'colcon_notification.desktop_notification.notify_send': Could not find 'notify-send'
[0.482s] INFO:colcon.colcon_core.plugin_system:Skipping extension 'colcon_notification.desktop_notification.terminal_notifier': Not used on non-Darwin systems
[0.482s] INFO:colcon.colcon_core.plugin_system:Skipping extension 'colcon_notification.desktop_notification.win32': Not used on non-Windows systems
[0.482s] INFO:colcon.colcon_notification.desktop_notification:Sending desktop notification using 'notify2'
[0.483s] DEBUG:colcon.colcon_notification.desktop_notification.notify2:Failed to initialize notify2: org.freedesktop.DBus.Error.Spawn.ExecFailed: /usr/bin/dbus-launch terminated abnormally without any error message
[0.483s] DEBUG:colcon.colcon_core.event_reactor:joined thread
[0.484s] INFO:colcon.colcon_core.shell:Creating prefix script '/sim_ws/src/install/local_setup.ps1'
[0.484s] INFO:colcon.colcon_core.shell:Creating prefix util module '/sim_ws/src/install/_local_setup_util_ps1.py'
[0.485s] INFO:colcon.colcon_core.shell:Creating prefix chain script '/sim_ws/src/install/setup.ps1'
[0.486s] INFO:colcon.colcon_core.shell:Creating prefix script '/sim_ws/src/install/local_setup.sh'
[0.486s] INFO:colcon.colcon_core.shell:Creating prefix util module '/sim_ws/src/install/_local_setup_util_sh.py'
[0.486s] INFO:colcon.colcon_core.shell:Creating prefix chain script '/sim_ws/src/install/setup.sh'
[0.486s] INFO:colcon.colcon_core.shell:Creating prefix script '/sim_ws/src/install/local_setup.bash'
[0.487s] INFO:colcon.colcon_core.shell:Creating prefix chain script '/sim_ws/src/install/setup.bash'
[0.487s] INFO:colcon.colcon_core.shell:Creating prefix script '/sim_ws/src/install/local_setup.zsh'
[0.487s] INFO:colcon.colcon_core.shell:Creating prefix chain script '/sim_ws/src/install/setup.zsh'
