/sim_ws/src/ground_truth/install/ground_truth/lib/python3.8/site-packages/ground_truth/learner_node.py
/sim_ws/src/ground_truth/install/ground_truth/lib/python3.8/site-packages/ground_truth/wall_follower_node.py
/sim_ws/src/ground_truth/install/ground_truth/lib/python3.8/site-packages/ground_truth/__init__.py
/sim_ws/src/ground_truth/install/ground_truth/lib/python3.8/site-packages/ground_truth/__pycache__/learner_node.cpython-38.pyc
/sim_ws/src/ground_truth/install/ground_truth/lib/python3.8/site-packages/ground_truth/__pycache__/wall_follower_node.cpython-38.pyc
/sim_ws/src/ground_truth/install/ground_truth/lib/python3.8/site-packages/ground_truth/__pycache__/__init__.cpython-38.pyc
/sim_ws/src/ground_truth/install/ground_truth/share/ament_index/resource_index/packages/ground_truth
/sim_ws/src/ground_truth/install/ground_truth/share/ground_truth/package.xml
/sim_ws/src/ground_truth/install/ground_truth/share/ground_truth/launch/wall_follower_launch.py
/sim_ws/src/ground_truth/install/ground_truth/share/ground_truth/launch/launch_learner_node.py
/sim_ws/src/ground_truth/install/ground_truth/lib/python3.8/site-packages/ground_truth-0.0.0-py3.8.egg-info/top_level.txt
/sim_ws/src/ground_truth/install/ground_truth/lib/python3.8/site-packages/ground_truth-0.0.0-py3.8.egg-info/zip-safe
/sim_ws/src/ground_truth/install/ground_truth/lib/python3.8/site-packages/ground_truth-0.0.0-py3.8.egg-info/entry_points.txt
/sim_ws/src/ground_truth/install/ground_truth/lib/python3.8/site-packages/ground_truth-0.0.0-py3.8.egg-info/requires.txt
/sim_ws/src/ground_truth/install/ground_truth/lib/python3.8/site-packages/ground_truth-0.0.0-py3.8.egg-info/dependency_links.txt
/sim_ws/src/ground_truth/install/ground_truth/lib/python3.8/site-packages/ground_truth-0.0.0-py3.8.egg-info/PKG-INFO
/sim_ws/src/ground_truth/install/ground_truth/lib/python3.8/site-packages/ground_truth-0.0.0-py3.8.egg-info/SOURCES.txt
/sim_ws/src/ground_truth/install/ground_truth/lib/ground_truth/ground_truth_node
/sim_ws/src/ground_truth/install/ground_truth/lib/ground_truth/learner_node
/sim_ws/src/ground_truth/install/ground_truth/lib/ground_truth/wall_follower
