[0.153s] DEBUG:colcon:Command line arguments: ['/usr/bin/colcon', 'build']
[0.153s] DEBUG:colcon:Parsed command line arguments: Namespace(ament_cmake_args=None, base_paths=['.'], build_base='build', catkin_cmake_args=None, catkin_skip_building_tests=False, cmake_args=None, cmake_clean_cache=False, cmake_clean_first=False, cmake_force_configure=False, cmake_target=None, cmake_target_skip_unavailable=False, continue_on_error=False, event_handlers=None, executor='parallel', ignore_user_meta=False, install_base='install', log_base=None, log_level=None, main=<bound method BuildVerb.main of <colcon_core.verb.build.BuildVerb object at 0x741b76325c40>>, merge_install=False, metas=['./colcon.meta'], mixin=None, mixin_files=None, mixin_verb=('build',), packages_above=None, packages_above_and_dependencies=None, packages_above_depth=None, packages_end=None, packages_ignore=None, packages_ignore_regex=None, packages_select=None, packages_select_build_failed=False, packages_select_by_dep=None, packages_select_regex=None, packages_select_test_failures=False, packages_skip=None, packages_skip_build_finished=False, packages_skip_by_dep=None, packages_skip_regex=None, packages_skip_test_passed=False, packages_skip_up_to=None, packages_start=None, packages_up_to=None, packages_up_to_regex=None, parallel_workers=16, paths=None, symlink_install=False, test_result_base=None, verb_extension=<colcon_core.verb.build.BuildVerb object at 0x741b76325c40>, verb_name='build', verb_parser=<colcon_mixin.mixin.mixin_argument.MixinArgumentDecorator object at 0x741b76333250>)
[0.172s] Level 1:colcon.colcon_core.package_discovery:discover_packages(colcon_meta) check parameters
[0.172s] INFO:colcon.colcon_metadata.package_discovery.colcon_meta:Using configuration from '/root/.colcon/metadata/default/Gazebo.meta'
[0.173s] INFO:colcon.colcon_metadata.package_discovery.colcon_meta:Using configuration from '/root/.colcon/metadata/default/fastrtps.meta'
[0.173s] Level 1:colcon.colcon_core.package_discovery:discover_packages(recursive) check parameters
[0.173s] Level 1:colcon.colcon_core.package_discovery:discover_packages(ignore) check parameters
[0.173s] Level 1:colcon.colcon_core.package_discovery:discover_packages(path) check parameters
[0.173s] Level 1:colcon.colcon_core.package_discovery:discover_packages(colcon_meta) discover
[0.173s] Level 1:colcon.colcon_core.package_discovery:discover_packages(recursive) discover
[0.173s] INFO:colcon.colcon_core.package_discovery:Crawling recursively for packages in '/sim_ws/src/ground_truth'
[0.173s] Level 1:colcon.colcon_core.package_identification:_identify(.) by extensions ['ignore', 'ignore_ament_install']
[0.173s] Level 1:colcon.colcon_core.package_identification:_identify(.) by extension 'ignore'
[0.173s] Level 1:colcon.colcon_core.package_identification:_identify(.) by extension 'ignore_ament_install'
[0.173s] Level 1:colcon.colcon_core.package_identification:_identify(.) by extensions ['colcon_pkg']
[0.173s] Level 1:colcon.colcon_core.package_identification:_identify(.) by extension 'colcon_pkg'
[0.173s] Level 1:colcon.colcon_core.package_identification:_identify(.) by extensions ['colcon_meta']
[0.173s] Level 1:colcon.colcon_core.package_identification:_identify(.) by extension 'colcon_meta'
[0.173s] Level 1:colcon.colcon_core.package_identification:_identify(.) by extensions ['ros']
[0.173s] Level 1:colcon.colcon_core.package_identification:_identify(.) by extension 'ros'
[0.190s] DEBUG:colcon.colcon_core.package_identification:Package '.' with type 'ros.ament_python' and name 'ground_truth'
[0.190s] Level 1:colcon.colcon_core.package_discovery:discover_packages(recursive) using defaults
[0.190s] Level 1:colcon.colcon_core.package_discovery:discover_packages(ignore) discover
[0.190s] Level 1:colcon.colcon_core.package_discovery:discover_packages(ignore) using defaults
[0.190s] Level 1:colcon.colcon_core.package_discovery:discover_packages(path) discover
[0.190s] Level 1:colcon.colcon_core.package_discovery:discover_packages(path) using defaults
[0.203s] Level 5:colcon.colcon_core.verb:set package 'ground_truth' build argument 'cmake_args' from command line to 'None'
[0.203s] Level 5:colcon.colcon_core.verb:set package 'ground_truth' build argument 'cmake_target' from command line to 'None'
[0.203s] Level 5:colcon.colcon_core.verb:set package 'ground_truth' build argument 'cmake_target_skip_unavailable' from command line to 'False'
[0.203s] Level 5:colcon.colcon_core.verb:set package 'ground_truth' build argument 'cmake_clean_cache' from command line to 'False'
[0.203s] Level 5:colcon.colcon_core.verb:set package 'ground_truth' build argument 'cmake_clean_first' from command line to 'False'
[0.203s] Level 5:colcon.colcon_core.verb:set package 'ground_truth' build argument 'cmake_force_configure' from command line to 'False'
[0.203s] Level 5:colcon.colcon_core.verb:set package 'ground_truth' build argument 'ament_cmake_args' from command line to 'None'
[0.203s] Level 5:colcon.colcon_core.verb:set package 'ground_truth' build argument 'catkin_cmake_args' from command line to 'None'
[0.203s] Level 5:colcon.colcon_core.verb:set package 'ground_truth' build argument 'catkin_skip_building_tests' from command line to 'False'
[0.203s] DEBUG:colcon.colcon_core.verb:Building package 'ground_truth' with the following arguments: {'ament_cmake_args': None, 'build_base': '/sim_ws/src/ground_truth/build/ground_truth', 'catkin_cmake_args': None, 'catkin_skip_building_tests': False, 'cmake_args': None, 'cmake_clean_cache': False, 'cmake_clean_first': False, 'cmake_force_configure': False, 'cmake_target': None, 'cmake_target_skip_unavailable': False, 'install_base': '/sim_ws/src/ground_truth/install/ground_truth', 'merge_install': False, 'path': '/sim_ws/src/ground_truth', 'symlink_install': False, 'test_result_base': None}
[0.203s] INFO:colcon.colcon_core.executor:Executing jobs using 'parallel' executor
[0.205s] DEBUG:colcon.colcon_parallel_executor.executor.parallel:run_until_complete
[0.205s] INFO:colcon.colcon_ros.task.ament_python.build:Building ROS package in '/sim_ws/src/ground_truth' with build type 'ament_python'
[0.205s] Level 1:colcon.colcon_core.shell:create_environment_hook('ground_truth', 'ament_prefix_path')
[0.209s] INFO:colcon.colcon_core.plugin_system:Skipping extension 'colcon_core.shell.bat': Not used on non-Windows systems
[0.209s] INFO:colcon.colcon_core.shell:Creating environment hook '/sim_ws/src/ground_truth/install/ground_truth/share/ground_truth/hook/ament_prefix_path.ps1'
[0.211s] INFO:colcon.colcon_core.shell:Creating environment descriptor '/sim_ws/src/ground_truth/install/ground_truth/share/ground_truth/hook/ament_prefix_path.dsv'
[0.211s] INFO:colcon.colcon_core.shell:Creating environment hook '/sim_ws/src/ground_truth/install/ground_truth/share/ground_truth/hook/ament_prefix_path.sh'
[0.212s] INFO:colcon.colcon_core.shell:Skip shell extension 'powershell' for command environment: Not usable outside of PowerShell
[0.212s] DEBUG:colcon.colcon_core.shell:Skip shell extension 'dsv' for command environment
[0.308s] INFO:colcon.colcon_core.task.python.build:Building Python package in '/sim_ws/src/ground_truth'
[0.309s] INFO:colcon.colcon_core.shell:Skip shell extension 'powershell' for command environment: Not usable outside of PowerShell
[0.309s] DEBUG:colcon.colcon_core.shell:Skip shell extension 'dsv' for command environment
[0.485s] DEBUG:colcon.colcon_core.event_handler.log_command:Invoking command in '/sim_ws/src/ground_truth': PYTHONPATH=/sim_ws/src/ground_truth/build/ground_truth/prefix_override:/sim_ws/src/ground_truth/install/ground_truth/lib/python3.8/site-packages:${PYTHONPATH} /usr/bin/python3 setup.py egg_info --egg-base build/ground_truth build --build-base /sim_ws/src/ground_truth/build/ground_truth/build install --record /sim_ws/src/ground_truth/build/ground_truth/install.log --install-scripts $base/lib/ground_truth --single-version-externally-managed
[0.611s] DEBUG:colcon.colcon_core.event_handler.log_command:Invoked command in '/sim_ws/src/ground_truth' returned '0': PYTHONPATH=/sim_ws/src/ground_truth/build/ground_truth/prefix_override:/sim_ws/src/ground_truth/install/ground_truth/lib/python3.8/site-packages:${PYTHONPATH} /usr/bin/python3 setup.py egg_info --egg-base build/ground_truth build --build-base /sim_ws/src/ground_truth/build/ground_truth/build install --record /sim_ws/src/ground_truth/build/ground_truth/install.log --install-scripts $base/lib/ground_truth --single-version-externally-managed
[0.616s] Level 1:colcon.colcon_core.environment:checking '/sim_ws/src/ground_truth/install/ground_truth' for CMake module files
[0.616s] Level 1:colcon.colcon_core.environment:checking '/sim_ws/src/ground_truth/install/ground_truth' for CMake config files
[0.617s] Level 1:colcon.colcon_core.environment:checking '/sim_ws/src/ground_truth/install/ground_truth/lib'
[0.617s] Level 1:colcon.colcon_core.environment:checking '/sim_ws/src/ground_truth/install/ground_truth/bin'
[0.617s] Level 1:colcon.colcon_core.environment:checking '/sim_ws/src/ground_truth/install/ground_truth/lib/pkgconfig/ground_truth.pc'
[0.617s] Level 1:colcon.colcon_core.environment:checking '/sim_ws/src/ground_truth/install/ground_truth/lib/python3.8/site-packages'
[0.617s] Level 1:colcon.colcon_core.shell:create_environment_hook('ground_truth', 'pythonpath')
[0.618s] INFO:colcon.colcon_core.shell:Creating environment hook '/sim_ws/src/ground_truth/install/ground_truth/share/ground_truth/hook/pythonpath.ps1'
[0.618s] INFO:colcon.colcon_core.shell:Creating environment descriptor '/sim_ws/src/ground_truth/install/ground_truth/share/ground_truth/hook/pythonpath.dsv'
[0.618s] INFO:colcon.colcon_core.shell:Creating environment hook '/sim_ws/src/ground_truth/install/ground_truth/share/ground_truth/hook/pythonpath.sh'
[0.618s] Level 1:colcon.colcon_core.environment:checking '/sim_ws/src/ground_truth/install/ground_truth/bin'
[0.618s] Level 1:colcon.colcon_core.environment:create_environment_scripts_only(ground_truth)
[0.619s] INFO:colcon.colcon_core.shell:Creating package script '/sim_ws/src/ground_truth/install/ground_truth/share/ground_truth/package.ps1'
[0.619s] INFO:colcon.colcon_core.shell:Creating package descriptor '/sim_ws/src/ground_truth/install/ground_truth/share/ground_truth/package.dsv'
[0.620s] INFO:colcon.colcon_core.shell:Creating package script '/sim_ws/src/ground_truth/install/ground_truth/share/ground_truth/package.sh'
[0.620s] INFO:colcon.colcon_core.shell:Creating package script '/sim_ws/src/ground_truth/install/ground_truth/share/ground_truth/package.bash'
[0.620s] INFO:colcon.colcon_core.shell:Creating package script '/sim_ws/src/ground_truth/install/ground_truth/share/ground_truth/package.zsh'
[0.621s] Level 1:colcon.colcon_core.environment:create_file_with_runtime_dependencies(/sim_ws/src/ground_truth/install/ground_truth/share/colcon-core/packages/ground_truth)
[0.621s] DEBUG:colcon.colcon_parallel_executor.executor.parallel:closing loop
[0.621s] DEBUG:colcon.colcon_parallel_executor.executor.parallel:loop closed
[0.621s] DEBUG:colcon.colcon_parallel_executor.executor.parallel:run_until_complete finished with '0'
[0.621s] DEBUG:colcon.colcon_core.event_reactor:joining thread
[0.627s] INFO:colcon.colcon_core.plugin_system:Skipping extension 'colcon_notification.desktop_notification.notify_send': Could not find 'notify-send'
[0.627s] INFO:colcon.colcon_core.plugin_system:Skipping extension 'colcon_notification.desktop_notification.terminal_notifier': Not used on non-Darwin systems
[0.627s] INFO:colcon.colcon_core.plugin_system:Skipping extension 'colcon_notification.desktop_notification.win32': Not used on non-Windows systems
[0.627s] INFO:colcon.colcon_notification.desktop_notification:Sending desktop notification using 'notify2'
[0.628s] DEBUG:colcon.colcon_notification.desktop_notification.notify2:Failed to initialize notify2: org.freedesktop.DBus.Error.Spawn.ExecFailed: /usr/bin/dbus-launch terminated abnormally without any error message
[0.628s] DEBUG:colcon.colcon_core.event_reactor:joined thread
[0.629s] INFO:colcon.colcon_core.shell:Creating prefix script '/sim_ws/src/ground_truth/install/local_setup.ps1'
[0.629s] INFO:colcon.colcon_core.shell:Creating prefix util module '/sim_ws/src/ground_truth/install/_local_setup_util_ps1.py'
[0.630s] INFO:colcon.colcon_core.shell:Creating prefix chain script '/sim_ws/src/ground_truth/install/setup.ps1'
[0.631s] INFO:colcon.colcon_core.shell:Creating prefix script '/sim_ws/src/ground_truth/install/local_setup.sh'
[0.631s] INFO:colcon.colcon_core.shell:Creating prefix util module '/sim_ws/src/ground_truth/install/_local_setup_util_sh.py'
[0.631s] INFO:colcon.colcon_core.shell:Creating prefix chain script '/sim_ws/src/ground_truth/install/setup.sh'
[0.632s] INFO:colcon.colcon_core.shell:Creating prefix script '/sim_ws/src/ground_truth/install/local_setup.bash'
[0.632s] INFO:colcon.colcon_core.shell:Creating prefix chain script '/sim_ws/src/ground_truth/install/setup.bash'
[0.633s] INFO:colcon.colcon_core.shell:Creating prefix script '/sim_ws/src/ground_truth/install/local_setup.zsh'
[0.633s] INFO:colcon.colcon_core.shell:Creating prefix chain script '/sim_ws/src/ground_truth/install/setup.zsh'
