running egg_info
writing ../build/f1tenth_rl/f1tenth_rl.egg-info/PKG-INFO
writing dependency_links to ../build/f1tenth_rl/f1tenth_rl.egg-info/dependency_links.txt
writing entry points to ../build/f1tenth_rl/f1tenth_rl.egg-info/entry_points.txt
writing requirements to ../build/f1tenth_rl/f1tenth_rl.egg-info/requires.txt
writing top-level names to ../build/f1tenth_rl/f1tenth_rl.egg-info/top_level.txt
reading manifest file '../build/f1tenth_rl/f1tenth_rl.egg-info/SOURCES.txt'
writing manifest file '../build/f1tenth_rl/f1tenth_rl.egg-info/SOURCES.txt'
running build
running build_py
running install
running install_lib
running install_data
running install_egg_info
removing '/sim_ws/src/install/f1tenth_rl/lib/python3.8/site-packages/f1tenth_rl-0.1.0-py3.8.egg-info' (and everything under it)
Copying ../build/f1tenth_rl/f1tenth_rl.egg-info to /sim_ws/src/install/f1tenth_rl/lib/python3.8/site-packages/f1tenth_rl-0.1.0-py3.8.egg-info
running install_scripts
Installing eval_rl_agent script to /sim_ws/src/install/f1tenth_rl/lib/f1tenth_rl
Installing rl_agent script to /sim_ws/src/install/f1tenth_rl/lib/f1tenth_rl
Installing train_rl_agent script to /sim_ws/src/install/f1tenth_rl/lib/f1tenth_rl
writing list of installed files to '/sim_ws/src/build/f1tenth_rl/install.log'
